<?xml version="1.0" encoding="utf-8"?>
<template>
	<name>config-localhost</name>
	<filePath>src/test/resources</filePath>
	<fileName>config-localhost.properties</fileName>
	<content><![CDATA[

p.db.jdbc.driver=com.mysql.jdbc.Driver
p.db.jdbc.url=${jdbcUrl}
p.db.jdbc.username=${jdbcUsername}
p.db.jdbc.password=${jdbcPassword}
p.db.ds.query= SELECT 'x'
p.db.ds.initialSize=1
p.db.ds.minIdle=1
p.db.ds.maxActive=5
p.db.ds.maxWait=60000
p.db.ds.timeBetweenEvictionRunsMillis=60000
p.db.ds.minEvictableIdleTimeMillis=300000

p.log.level=DEBUG

p.zk.address=192.168.169.170:2181

]]>
	</content>
</template>